This is pdfTeX, Version 3.14159265-2.6-1.40.15 (TeX Live 2014/Arch Linux) (preloaded format=pdflatex 2015.5.29)  10 JUN 2015 22:31
entering extended mode
 \write18 enabled.
 %&-line parsing enabled.
**mochila.cpp
(./mochila.cpp
LaTeX2e <2014/05/01>
Babel <3.9l> and hyphenation patterns for 79 languages loaded.
! You can't use `macro parameter character #' in vertical mode.
l.1 #
     include <vector>
? 
! Emergency stop.
l.1 #
     include <vector>
End of file on the terminal!

 
Here is how much of TeX's memory you used:
 6 strings out of 493109
 142 string characters out of 6140856
 52967 words of memory out of 5000000
 3570 multiletter control sequences out of 15000+600000
 3640 words of font info for 14 fonts, out of 8000000 for 9000
 1141 hyphenation exceptions out of 8191
 5i,0n,1p,31b,8s stack positions out of 5000i,500n,10000p,200000b,80000s
!  ==> Fatal error occurred, no output PDF file produced!
